app/build/intermediates/manifest_merge_blame_file/debug/manifest-merger-blame-debug-report.txt
1<?xml version="1.0" encoding="utf-8"?>
2<manifest xmlns:android="http://schemas.android.com/apk/res/android"
3    package="com.example.complanschool"
4    android:versionCode="1"
5    android:versionName="1.0" >
6
7    <uses-sdk
8        android:minSdkVersion="21"
8-->src\main\AndroidManifest.xml
9        android:targetSdkVersion="32" />
9-->src\main\AndroidManifest.xml
10
11    <uses-permission android:name="android.permission.INTERNET" />
11-->[com.firebaseui:firebase-ui-database:8.0.0] AndroidManifest.xml:9:5-67
11-->[com.firebaseui:firebase-ui-database:8.0.0] AndroidManifest.xml:9:22-64
12    <uses-permission android:name="android.permission.ACCESS_NETWORK_STATE" />
12-->[com.google.firebase:firebase-auth:21.1.0] AndroidManifest.xml:24:5-79
12-->[com.google.firebase:firebase-auth:21.1.0] AndroidManifest.xml:24:22-76
13
14    <application
14-->src\main\AndroidManifest.xml:6:5-100:19
15        android:allowBackup="true"
15-->src\main\AndroidManifest.xml:7:9-35
16        android:appComponentFactory="androidx.core.app.CoreComponentFactory"
16-->[androidx.core:core:1.8.0] AndroidManifest.xml:24:18-86
17        android:dataExtractionRules="@xml/data_extraction_rules"
17-->src\main\AndroidManifest.xml:8:9-65
18        android:debuggable="true"
19        android:fullBackupContent="@xml/backup_rules"
19-->src\main\AndroidManifest.xml:9:9-54
20        android:icon="@mipmap/ic_launcher"
20-->src\main\AndroidManifest.xml:10:9-43
21        android:label="@string/app_name"
21-->src\main\AndroidManifest.xml:11:9-41
22        android:roundIcon="@mipmap/ic_launcher_round"
22-->src\main\AndroidManifest.xml:12:9-54
23        android:supportsRtl="true"
23-->src\main\AndroidManifest.xml:13:9-35
24        android:testOnly="true"
25        android:theme="@style/Theme.ComPlanSchool" >
25-->src\main\AndroidManifest.xml:14:9-51
26        <activity
26-->src\main\AndroidManifest.xml:16:9-22:20
27            android:name="com.example.complanschool.ui.detail.DetailLaporanPerson"
27-->src\main\AndroidManifest.xml:17:13-58
28            android:exported="false" >
28-->src\main\AndroidManifest.xml:18:13-37
29            <meta-data
29-->src\main\AndroidManifest.xml:19:13-21:36
30                android:name="android.app.lib_name"
30-->src\main\AndroidManifest.xml:20:17-52
31                android:value="" />
31-->src\main\AndroidManifest.xml:21:17-33
32        </activity>
33        <activity
33-->src\main\AndroidManifest.xml:23:9-29:20
34            android:name="com.example.complanschool.authentication.InputSchoolProfileActivity"
34-->src\main\AndroidManifest.xml:24:13-70
35            android:exported="false" >
35-->src\main\AndroidManifest.xml:25:13-37
36            <meta-data
36-->src\main\AndroidManifest.xml:19:13-21:36
37                android:name="android.app.lib_name"
37-->src\main\AndroidManifest.xml:20:17-52
38                android:value="" />
38-->src\main\AndroidManifest.xml:21:17-33
39        </activity>
40        <activity
40-->src\main\AndroidManifest.xml:30:9-36:20
41            android:name="com.example.complanschool.authentication.SelectCode"
41-->src\main\AndroidManifest.xml:31:13-54
42            android:exported="false" >
42-->src\main\AndroidManifest.xml:32:13-37
43            <meta-data
43-->src\main\AndroidManifest.xml:19:13-21:36
44                android:name="android.app.lib_name"
44-->src\main\AndroidManifest.xml:20:17-52
45                android:value="" />
45-->src\main\AndroidManifest.xml:21:17-33
46        </activity>
47        <activity
47-->src\main\AndroidManifest.xml:37:9-43:20
48            android:name="com.example.complanschool.authentication.InputUserProfileActivity"
48-->src\main\AndroidManifest.xml:38:13-68
49            android:exported="false" >
49-->src\main\AndroidManifest.xml:39:13-37
50            <meta-data
50-->src\main\AndroidManifest.xml:19:13-21:36
51                android:name="android.app.lib_name"
51-->src\main\AndroidManifest.xml:20:17-52
52                android:value="" />
52-->src\main\AndroidManifest.xml:21:17-33
53        </activity>
54        <activity
54-->src\main\AndroidManifest.xml:44:9-50:20
55            android:name="com.example.complanschool.ui.detail.DetailLaporanFasilitas"
55-->src\main\AndroidManifest.xml:45:13-61
56            android:exported="false" >
56-->src\main\AndroidManifest.xml:46:13-37
57            <meta-data
57-->src\main\AndroidManifest.xml:19:13-21:36
58                android:name="android.app.lib_name"
58-->src\main\AndroidManifest.xml:20:17-52
59                android:value="" />
59-->src\main\AndroidManifest.xml:21:17-33
60        </activity>
61        <activity
61-->src\main\AndroidManifest.xml:51:9-57:20
62            android:name="com.example.complanschool.authentication.RegisterActivity"
62-->src\main\AndroidManifest.xml:52:13-60
63            android:exported="false" >
63-->src\main\AndroidManifest.xml:53:13-37
64            <meta-data
64-->src\main\AndroidManifest.xml:19:13-21:36
65                android:name="android.app.lib_name"
65-->src\main\AndroidManifest.xml:20:17-52
66                android:value="" />
66-->src\main\AndroidManifest.xml:21:17-33
67        </activity>
68        <activity
68-->src\main\AndroidManifest.xml:58:9-64:20
69            android:name="com.example.complanschool.authentication.LoginActivity"
69-->src\main\AndroidManifest.xml:59:13-57
70            android:exported="false" >
70-->src\main\AndroidManifest.xml:60:13-37
71            <meta-data
71-->src\main\AndroidManifest.xml:19:13-21:36
72                android:name="android.app.lib_name"
72-->src\main\AndroidManifest.xml:20:17-52
73                android:value="" />
73-->src\main\AndroidManifest.xml:21:17-33
74        </activity>
75        <activity
75-->src\main\AndroidManifest.xml:65:9-71:20
76            android:name="com.example.complanschool.laporan.ListLaporanFasilitas"
76-->src\main\AndroidManifest.xml:66:13-57
77            android:exported="false" >
77-->src\main\AndroidManifest.xml:67:13-37
78            <meta-data
78-->src\main\AndroidManifest.xml:19:13-21:36
79                android:name="android.app.lib_name"
79-->src\main\AndroidManifest.xml:20:17-52
80                android:value="" />
80-->src\main\AndroidManifest.xml:21:17-33
81        </activity>
82        <activity
82-->src\main\AndroidManifest.xml:72:9-78:20
83            android:name="com.example.complanschool.laporan.ListLaporanPerson"
83-->src\main\AndroidManifest.xml:73:13-54
84            android:exported="false" >
84-->src\main\AndroidManifest.xml:74:13-37
85            <meta-data
85-->src\main\AndroidManifest.xml:19:13-21:36
86                android:name="android.app.lib_name"
86-->src\main\AndroidManifest.xml:20:17-52
87                android:value="" />
87-->src\main\AndroidManifest.xml:21:17-33
88        </activity>
89        <activity
89-->src\main\AndroidManifest.xml:79:9-86:20
90            android:name="com.example.complanschool.Menu"
90-->src\main\AndroidManifest.xml:80:13-33
91            android:exported="true"
91-->src\main\AndroidManifest.xml:81:13-36
92            android:label="@string/title_activity_menu" >
92-->src\main\AndroidManifest.xml:82:13-56
93            <meta-data
93-->src\main\AndroidManifest.xml:19:13-21:36
94                android:name="android.app.lib_name"
94-->src\main\AndroidManifest.xml:20:17-52
95                android:value="" />
95-->src\main\AndroidManifest.xml:21:17-33
96        </activity>
97        <activity
97-->src\main\AndroidManifest.xml:87:9-99:20
98            android:name="com.example.complanschool.MainActivity"
98-->src\main\AndroidManifest.xml:88:13-41
99            android:exported="true" >
99-->src\main\AndroidManifest.xml:89:13-36
100            <intent-filter>
100-->src\main\AndroidManifest.xml:90:13-94:29
101                <action android:name="android.intent.action.MAIN" />
101-->src\main\AndroidManifest.xml:91:17-69
101-->src\main\AndroidManifest.xml:91:25-66
102
103                <category android:name="android.intent.category.LAUNCHER" />
103-->src\main\AndroidManifest.xml:93:17-77
103-->src\main\AndroidManifest.xml:93:27-74
104            </intent-filter>
105
106            <meta-data
106-->src\main\AndroidManifest.xml:19:13-21:36
107                android:name="android.app.lib_name"
107-->src\main\AndroidManifest.xml:20:17-52
108                android:value="" />
108-->src\main\AndroidManifest.xml:21:17-33
109        </activity>
110
111        <service
111-->[com.google.firebase:firebase-auth-ktx:21.1.0] AndroidManifest.xml:8:9-14:19
112            android:name="com.google.firebase.components.ComponentDiscoveryService"
112-->[com.google.firebase:firebase-auth-ktx:21.1.0] AndroidManifest.xml:9:13-84
113            android:directBootAware="true"
113-->[com.google.firebase:firebase-common:20.2.0] AndroidManifest.xml:34:13-43
114            android:exported="false" >
114-->[com.google.firebase:firebase-auth-ktx:21.1.0] AndroidManifest.xml:10:13-37
115            <meta-data
115-->[com.google.firebase:firebase-auth-ktx:21.1.0] AndroidManifest.xml:11:13-13:85
116                android:name="com.google.firebase.components:com.google.firebase.auth.ktx.FirebaseAuthKtxRegistrar"
116-->[com.google.firebase:firebase-auth-ktx:21.1.0] AndroidManifest.xml:12:17-116
117                android:value="com.google.firebase.components.ComponentRegistrar" />
117-->[com.google.firebase:firebase-auth-ktx:21.1.0] AndroidManifest.xml:13:17-82
118            <meta-data
118-->[com.google.firebase:firebase-database-ktx:20.1.0] AndroidManifest.xml:14:13-16:85
119                android:name="com.google.firebase.components:com.google.firebase.database.ktx.FirebaseDatabaseKtxRegistrar"
119-->[com.google.firebase:firebase-database-ktx:20.1.0] AndroidManifest.xml:15:17-124
120                android:value="com.google.firebase.components.ComponentRegistrar" />
120-->[com.google.firebase:firebase-database-ktx:20.1.0] AndroidManifest.xml:16:17-82
121            <meta-data
121-->[com.google.firebase:firebase-storage-ktx:20.1.0] AndroidManifest.xml:14:13-16:85
122                android:name="com.google.firebase.components:com.google.firebase.storage.ktx.FirebaseStorageKtxRegistrar"
122-->[com.google.firebase:firebase-storage-ktx:20.1.0] AndroidManifest.xml:15:17-122
123                android:value="com.google.firebase.components.ComponentRegistrar" />
123-->[com.google.firebase:firebase-storage-ktx:20.1.0] AndroidManifest.xml:16:17-82
124            <meta-data
124-->[com.google.firebase:firebase-common-ktx:20.2.0] AndroidManifest.xml:14:13-16:85
125                android:name="com.google.firebase.components:com.google.firebase.ktx.FirebaseCommonKtxRegistrar"
125-->[com.google.firebase:firebase-common-ktx:20.2.0] AndroidManifest.xml:15:17-113
126                android:value="com.google.firebase.components.ComponentRegistrar" />
126-->[com.google.firebase:firebase-common-ktx:20.2.0] AndroidManifest.xml:16:17-82
127            <meta-data
127-->[com.google.firebase:firebase-auth:21.1.0] AndroidManifest.xml:67:13-69:85
128                android:name="com.google.firebase.components:com.google.firebase.auth.FirebaseAuthRegistrar"
128-->[com.google.firebase:firebase-auth:21.1.0] AndroidManifest.xml:68:17-109
129                android:value="com.google.firebase.components.ComponentRegistrar" />
129-->[com.google.firebase:firebase-auth:21.1.0] AndroidManifest.xml:69:17-82
130            <meta-data
130-->[com.google.firebase:firebase-database:20.1.0] AndroidManifest.xml:31:13-33:85
131                android:name="com.google.firebase.components:com.google.firebase.database.DatabaseRegistrar"
131-->[com.google.firebase:firebase-database:20.1.0] AndroidManifest.xml:32:17-109
132                android:value="com.google.firebase.components.ComponentRegistrar" />
132-->[com.google.firebase:firebase-database:20.1.0] AndroidManifest.xml:33:17-82
133            <meta-data
133-->[com.google.firebase:firebase-storage:20.1.0] AndroidManifest.xml:32:13-34:85
134                android:name="com.google.firebase.components:com.google.firebase.storage.StorageRegistrar"
134-->[com.google.firebase:firebase-storage:20.1.0] AndroidManifest.xml:33:17-107
135                android:value="com.google.firebase.components.ComponentRegistrar" />
135-->[com.google.firebase:firebase-storage:20.1.0] AndroidManifest.xml:34:17-82
136        </service>
137
138        <activity
138-->[com.google.android.gms:play-services-auth:20.4.0] AndroidManifest.xml:23:9-27:75
139            android:name="com.google.android.gms.auth.api.signin.internal.SignInHubActivity"
139-->[com.google.android.gms:play-services-auth:20.4.0] AndroidManifest.xml:24:13-93
140            android:excludeFromRecents="true"
140-->[com.google.android.gms:play-services-auth:20.4.0] AndroidManifest.xml:25:13-46
141            android:exported="false"
141-->[com.google.android.gms:play-services-auth:20.4.0] AndroidManifest.xml:26:13-37
142            android:theme="@android:style/Theme.Translucent.NoTitleBar" />
142-->[com.google.android.gms:play-services-auth:20.4.0] AndroidManifest.xml:27:13-72
143        <!--
144            Service handling Google Sign-In user revocation. For apps that do not integrate with
145            Google Sign-In, this service will never be started.
146        -->
147        <service
147-->[com.google.android.gms:play-services-auth:20.4.0] AndroidManifest.xml:33:9-37:51
148            android:name="com.google.android.gms.auth.api.signin.RevocationBoundService"
148-->[com.google.android.gms:play-services-auth:20.4.0] AndroidManifest.xml:34:13-89
149            android:exported="true"
149-->[com.google.android.gms:play-services-auth:20.4.0] AndroidManifest.xml:35:13-36
150            android:permission="com.google.android.gms.auth.api.signin.permission.REVOCATION_NOTIFICATION"
150-->[com.google.android.gms:play-services-auth:20.4.0] AndroidManifest.xml:36:13-107
151            android:visibleToInstantApps="true" />
151-->[com.google.android.gms:play-services-auth:20.4.0] AndroidManifest.xml:37:13-48
152
153        <activity
153-->[com.google.firebase:firebase-auth:21.1.0] AndroidManifest.xml:27:9-44:20
154            android:name="com.google.firebase.auth.internal.GenericIdpActivity"
154-->[com.google.firebase:firebase-auth:21.1.0] AndroidManifest.xml:28:13-80
155            android:excludeFromRecents="true"
155-->[com.google.firebase:firebase-auth:21.1.0] AndroidManifest.xml:29:13-46
156            android:exported="true"
156-->[com.google.firebase:firebase-auth:21.1.0] AndroidManifest.xml:30:13-36
157            android:launchMode="singleTask"
157-->[com.google.firebase:firebase-auth:21.1.0] AndroidManifest.xml:31:13-44
158            android:theme="@android:style/Theme.Translucent.NoTitleBar" >
158-->[com.google.firebase:firebase-auth:21.1.0] AndroidManifest.xml:32:13-72
159            <intent-filter>
159-->[com.google.firebase:firebase-auth:21.1.0] AndroidManifest.xml:33:13-43:29
160                <action android:name="android.intent.action.VIEW" />
160-->[com.google.firebase:firebase-auth:21.1.0] AndroidManifest.xml:34:17-69
160-->[com.google.firebase:firebase-auth:21.1.0] AndroidManifest.xml:34:25-66
161
162                <category android:name="android.intent.category.DEFAULT" />
162-->[com.google.firebase:firebase-auth:21.1.0] AndroidManifest.xml:36:17-76
162-->[com.google.firebase:firebase-auth:21.1.0] AndroidManifest.xml:36:27-73
163                <category android:name="android.intent.category.BROWSABLE" />
163-->[com.google.firebase:firebase-auth:21.1.0] AndroidManifest.xml:37:17-78
163-->[com.google.firebase:firebase-auth:21.1.0] AndroidManifest.xml:37:27-75
164
165                <data
165-->[com.google.firebase:firebase-auth:21.1.0] AndroidManifest.xml:39:17-42:51
166                    android:host="firebase.auth"
166-->[com.google.firebase:firebase-auth:21.1.0] AndroidManifest.xml:40:21-49
167                    android:path="/"
167-->[com.google.firebase:firebase-auth:21.1.0] AndroidManifest.xml:41:21-37
168                    android:scheme="genericidp" />
168-->[com.google.firebase:firebase-auth:21.1.0] AndroidManifest.xml:42:21-48
169            </intent-filter>
170        </activity>
171        <activity
171-->[com.google.firebase:firebase-auth:21.1.0] AndroidManifest.xml:45:9-62:20
172            android:name="com.google.firebase.auth.internal.RecaptchaActivity"
172-->[com.google.firebase:firebase-auth:21.1.0] AndroidManifest.xml:46:13-79
173            android:excludeFromRecents="true"
173-->[com.google.firebase:firebase-auth:21.1.0] AndroidManifest.xml:47:13-46
174            android:exported="true"
174-->[com.google.firebase:firebase-auth:21.1.0] AndroidManifest.xml:48:13-36
175            android:launchMode="singleTask"
175-->[com.google.firebase:firebase-auth:21.1.0] AndroidManifest.xml:49:13-44
176            android:theme="@android:style/Theme.Translucent.NoTitleBar" >
176-->[com.google.firebase:firebase-auth:21.1.0] AndroidManifest.xml:50:13-72
177            <intent-filter>
177-->[com.google.firebase:firebase-auth:21.1.0] AndroidManifest.xml:51:13-61:29
178                <action android:name="android.intent.action.VIEW" />
178-->[com.google.firebase:firebase-auth:21.1.0] AndroidManifest.xml:34:17-69
178-->[com.google.firebase:firebase-auth:21.1.0] AndroidManifest.xml:34:25-66
179
180                <category android:name="android.intent.category.DEFAULT" />
180-->[com.google.firebase:firebase-auth:21.1.0] AndroidManifest.xml:36:17-76
180-->[com.google.firebase:firebase-auth:21.1.0] AndroidManifest.xml:36:27-73
181                <category android:name="android.intent.category.BROWSABLE" />
181-->[com.google.firebase:firebase-auth:21.1.0] AndroidManifest.xml:37:17-78
181-->[com.google.firebase:firebase-auth:21.1.0] AndroidManifest.xml:37:27-75
182
183                <data
183-->[com.google.firebase:firebase-auth:21.1.0] AndroidManifest.xml:39:17-42:51
184                    android:host="firebase.auth"
184-->[com.google.firebase:firebase-auth:21.1.0] AndroidManifest.xml:40:21-49
185                    android:path="/"
185-->[com.google.firebase:firebase-auth:21.1.0] AndroidManifest.xml:41:21-37
186                    android:scheme="recaptcha" />
186-->[com.google.firebase:firebase-auth:21.1.0] AndroidManifest.xml:42:21-48
187            </intent-filter>
188        </activity>
189        <activity
189-->[com.google.android.gms:play-services-base:18.0.1] AndroidManifest.xml:20:9-22:45
190            android:name="com.google.android.gms.common.api.GoogleApiActivity"
190-->[com.google.android.gms:play-services-base:18.0.1] AndroidManifest.xml:20:19-85
191            android:exported="false"
191-->[com.google.android.gms:play-services-base:18.0.1] AndroidManifest.xml:22:19-43
192            android:theme="@android:style/Theme.Translucent.NoTitleBar" />
192-->[com.google.android.gms:play-services-base:18.0.1] AndroidManifest.xml:21:19-78
193
194        <provider
194-->[com.google.firebase:firebase-common:20.2.0] AndroidManifest.xml:25:9-30:39
195            android:name="com.google.firebase.provider.FirebaseInitProvider"
195-->[com.google.firebase:firebase-common:20.2.0] AndroidManifest.xml:26:13-77
196            android:authorities="com.example.complanschool.firebaseinitprovider"
196-->[com.google.firebase:firebase-common:20.2.0] AndroidManifest.xml:27:13-72
197            android:directBootAware="true"
197-->[com.google.firebase:firebase-common:20.2.0] AndroidManifest.xml:28:13-43
198            android:exported="false"
198-->[com.google.firebase:firebase-common:20.2.0] AndroidManifest.xml:29:13-37
199            android:initOrder="100" />
199-->[com.google.firebase:firebase-common:20.2.0] AndroidManifest.xml:30:13-36
200
201        <meta-data
201-->[com.google.android.gms:play-services-basement:18.1.0] AndroidManifest.xml:21:9-23:69
202            android:name="com.google.android.gms.version"
202-->[com.google.android.gms:play-services-basement:18.1.0] AndroidManifest.xml:22:13-58
203            android:value="@integer/google_play_services_version" />
203-->[com.google.android.gms:play-services-basement:18.1.0] AndroidManifest.xml:23:13-66
204
205        <uses-library
205-->[androidx.window:window:1.0.0] AndroidManifest.xml:25:9-27:40
206            android:name="androidx.window.extensions"
206-->[androidx.window:window:1.0.0] AndroidManifest.xml:26:13-54
207            android:required="false" />
207-->[androidx.window:window:1.0.0] AndroidManifest.xml:27:13-37
208        <uses-library
208-->[androidx.window:window:1.0.0] AndroidManifest.xml:28:9-30:40
209            android:name="androidx.window.sidecar"
209-->[androidx.window:window:1.0.0] AndroidManifest.xml:29:13-51
210            android:required="false" />
210-->[androidx.window:window:1.0.0] AndroidManifest.xml:30:13-37
211
212        <provider
212-->[androidx.emoji2:emoji2:1.2.0] AndroidManifest.xml:24:9-32:20
213            android:name="androidx.startup.InitializationProvider"
213-->[androidx.emoji2:emoji2:1.2.0] AndroidManifest.xml:25:13-67
214            android:authorities="com.example.complanschool.androidx-startup"
214-->[androidx.emoji2:emoji2:1.2.0] AndroidManifest.xml:26:13-68
215            android:exported="false" >
215-->[androidx.emoji2:emoji2:1.2.0] AndroidManifest.xml:27:13-37
216            <meta-data
216-->[androidx.emoji2:emoji2:1.2.0] AndroidManifest.xml:29:13-31:52
217                android:name="androidx.emoji2.text.EmojiCompatInitializer"
217-->[androidx.emoji2:emoji2:1.2.0] AndroidManifest.xml:30:17-75
218                android:value="androidx.startup" />
218-->[androidx.emoji2:emoji2:1.2.0] AndroidManifest.xml:31:17-49
219            <meta-data
219-->[androidx.lifecycle:lifecycle-process:2.4.1] AndroidManifest.xml:31:13-33:52
220                android:name="androidx.lifecycle.ProcessLifecycleInitializer"
220-->[androidx.lifecycle:lifecycle-process:2.4.1] AndroidManifest.xml:32:17-78
221                android:value="androidx.startup" />
221-->[androidx.lifecycle:lifecycle-process:2.4.1] AndroidManifest.xml:33:17-49
222        </provider>
223    </application>
224
225</manifest>